atom-q    BLYP      BP        HCTH120   HCTH407   PADE      PBE       PBESOL    OLYP      

H-q1      AVAIL     AVAIL     AVAIL     AVAIL     AVAIL     AVAIL     x         AVAIL     
He-q2     AVAIL     AVAIL     x         x         AVAIL     AVAIL     x         x         
Li-q1     x         x         x         x         AVAIL     x         x         x         
Li-q3     AVAIL     AVAIL     x         x         AVAIL     AVAIL     x         x         
Be-q2     x         x         x         x         AVAIL     x         x         x         
Be-q4     AVAIL     AVAIL     x         x         AVAIL     AVAIL     x         x         
B-q3      AVAIL     AVAIL     x         x         AVAIL     AVAIL     x         x         
C-q4      AVAIL     AVAIL     AVAIL     AVAIL     AVAIL     AVAIL     x         x         
N-q5      AVAIL     AVAIL     AVAIL     AVAIL     AVAIL     AVAIL     x         x         
O-q6      AVAIL     AVAIL     AVAIL     AVAIL     AVAIL     AVAIL     x         AVAIL     
F-q7      AVAIL     AVAIL     AVAIL     x         AVAIL     AVAIL     x         x         
Ne-q8     AVAIL     AVAIL     x         x         AVAIL     AVAIL     x         x         
Na-q1     x         AVAIL     x         x         AVAIL     x         x         x         
Na-q9     AVAIL     AVAIL     x         x         AVAIL     AVAIL     x         x         
Mg-q2     AVAIL     x         x         x         AVAIL     AVAIL     x         x         
Mg-q10    AVAIL     AVAIL     x         x         AVAIL     AVAIL     x         x         
Al-q3     AVAIL     AVAIL     x         x         AVAIL     AVAIL     x         x         
Si-q4     AVAIL     AVAIL     x         x         AVAIL     AVAIL     x         x         
P-q5      AVAIL     AVAIL     AVAIL     x         AVAIL     AVAIL     x         x         
S-q6      AVAIL     AVAIL     x         x         AVAIL     AVAIL     x         x         
Cl-q7     AVAIL     AVAIL     x         x         AVAIL     AVAIL     x         x         
Ar-q8     AVAIL     AVAIL     AVAIL     x         AVAIL     AVAIL     x         x         
K-q1      x         x         x         x         AVAIL     x         x         x         
K-q9      AVAIL     AVAIL     x         x         AVAIL     AVAIL     x         x         
Ca-q2     x         x         x         x         AVAIL     x         x         x         
Ca-q10    AVAIL     AVAIL     x         x         AVAIL     AVAIL     x         x         
Sc-q3     x         x         x         x         AVAIL     x         x         x         
Sc-q11    AVAIL     AVAIL     x         x         AVAIL     AVAIL     x         x         
Ti-q4     x         x         x         x         AVAIL     x         x         x         
Ti-q12    AVAIL     AVAIL     x         x         AVAIL     AVAIL     x         x         
V-q5      x         x         x         x         AVAIL     x         x         x         
V-q13     AVAIL     AVAIL     x         x         AVAIL     AVAIL     x         x         
Cr-q6     x         x         x         x         AVAIL     x         x         x         
Cr-q14    AVAIL     AVAIL     x         x         AVAIL     AVAIL     x         x         
Mn-q7     x         x         x         x         AVAIL     x         x         x         
Mn-q15    AVAIL     AVAIL     x         x         AVAIL     AVAIL     x         x         
Fe-q8     x         x         x         x         AVAIL     x         x         x         
Fe-q16    AVAIL     AVAIL     x         x         AVAIL     AVAIL     x         x         
Co-q9     x         x         x         x         AVAIL     x         x         x         
Co-q17    AVAIL     AVAIL     x         x         AVAIL     AVAIL     x         x         
Ni-q10    x         x         x         x         AVAIL     x         x         x         
Ni-q18    AVAIL     AVAIL     x         x         AVAIL     AVAIL     x         x         
Cu-q1     x         x         x         x         AVAIL     x         x         x         
Cu-q11    AVAIL     AVAIL     x         x         AVAIL     AVAIL     x         x         
Cu-q19    AVAIL     x         x         x         AVAIL     AVAIL     x         x         
Zn-q2     x         x         x         x         AVAIL     x         x         x         
Zn-q12    AVAIL     AVAIL     x         x         AVAIL     AVAIL     x         x         
Zn-q20    AVAIL     x         x         x         AVAIL     AVAIL     x         x         
Ga-q3     AVAIL     x         x         x         AVAIL     AVAIL     x         x         
Ga-q13    AVAIL     AVAIL     x         x         AVAIL     AVAIL     x         x         
Ge-q4     AVAIL     AVAIL     x         x         AVAIL     AVAIL     x         x         
As-q5     AVAIL     AVAIL     x         x         AVAIL     AVAIL     x         x         
Se-q6     AVAIL     AVAIL     x         x         AVAIL     AVAIL     x         x         
Br-q7     AVAIL     AVAIL     x         x         AVAIL     AVAIL     x         x         
Kr-q8     AVAIL     AVAIL     x         x         AVAIL     AVAIL     x         x         
Rb-q1     x         x         x         x         AVAIL     x         x         x         
Rb-q9     x         x         x         x         AVAIL     AVAIL     x         x         
Sr-q2     x         x         x         x         AVAIL     x         x         x         
Sr-q10    AVAIL     x         x         x         AVAIL     AVAIL     x         x         
Y-q3      x         x         x         x         AVAIL     x         x         x         
Y-q11     AVAIL     x         x         x         AVAIL     AVAIL     x         x         
Zr-q4     x         x         x         x         AVAIL     x         x         x         
Zr-q12    AVAIL     AVAIL     x         x         AVAIL     AVAIL     x         x         
Nb-q5     x         x         x         x         AVAIL     x         x         x         
Nb-q13    x         x         x         x         AVAIL     AVAIL     x         x         
Mo-q6     x         x         x         x         AVAIL     x         x         x         
Mo-q14    AVAIL     x         x         x         AVAIL     AVAIL     x         x         
Tc-q7     x         x         x         x         AVAIL     x         x         x         
Tc-q15    x         x         x         x         AVAIL     AVAIL     x         x         
Ru-q8     x         x         x         x         AVAIL     AVAIL     x         x         
Ru-q16    AVAIL     AVAIL     x         x         AVAIL     AVAIL     x         x         
Rh-q9     x         x         x         x         AVAIL     AVAIL     x         x         
Rh-q17    AVAIL     x         x         x         AVAIL     AVAIL     x         x         
Pd-q10    x         x         x         x         AVAIL     AVAIL     x         x         
Pd-q18    AVAIL     x         x         x         AVAIL     AVAIL     x         x         
Ag-q1     x         x         x         x         AVAIL     x         x         x         
Ag-q11    AVAIL     x         x         x         AVAIL     AVAIL     x         x         
Ag-q19    AVAIL     x         x         x         AVAIL     AVAIL     x         x         
Cd-q2     x         x         x         x         AVAIL     x         x         x         
Cd-q12    x         x         x         x         AVAIL     AVAIL     x         x         
In-q3     AVAIL     x         x         x         AVAIL     AVAIL     x         x         
In-q13    AVAIL     x         x         x         AVAIL     AVAIL     x         x         
Sn-q4     x         x         x         x         AVAIL     AVAIL     x         x         
Sb-q5     AVAIL     x         x         x         AVAIL     AVAIL     x         x         
Te-q6     AVAIL     AVAIL     x         x         AVAIL     AVAIL     x         x         
I-q7      AVAIL     x         x         x         AVAIL     AVAIL     x         x         
Xe-q8     x         x         x         x         AVAIL     AVAIL     x         x         
Cs-q1     x         AVAIL     x         x         AVAIL     x         x         x         
Cs-q9     x         AVAIL     x         x         AVAIL     AVAIL     x         x         
Ba-q2     AVAIL     x         x         x         AVAIL     x         x         x         
Ba-q10    AVAIL     x         x         x         AVAIL     AVAIL     x         x         
La-q11    x         x         x         x         AVAIL     AVAIL     x         x         
Ce-q12    AVAIL     x         x         x         AVAIL     AVAIL     x         x         
Ce-q30    x         x         x         x         x         AVAIL     x         x         
Pr-q13    x         x         x         x         AVAIL     AVAIL     x         x         
Nd-q14    x         x         x         x         AVAIL     AVAIL     x         x         
Pm-q15    x         x         x         x         AVAIL     AVAIL     x         x         
Sm-q16    x         x         x         x         AVAIL     AVAIL     x         x         
Eu-q17    x         x         x         x         AVAIL     AVAIL     x         x         
Gd-q18    AVAIL     x         x         x         AVAIL     AVAIL     x         x         
Tb-q19    x         x         x         x         AVAIL     AVAIL     x         x         
Dy-q20    x         x         x         x         AVAIL     AVAIL     x         x         
Ho-q21    x         x         x         x         AVAIL     AVAIL     x         x         
Er-q22    x         x         x         x         AVAIL     AVAIL     x         x         
Tm-q23    x         x         x         x         AVAIL     AVAIL     x         x         
Yb-q24    x         x         x         x         AVAIL     AVAIL     x         x         
Lu-q25    x         x         x         x         AVAIL     AVAIL     x         x         
Hf-q12    x         x         x         x         AVAIL     AVAIL     x         x         
Ta-q5     x         x         x         x         AVAIL     AVAIL     x         x         
Ta-q13    x         x         x         x         AVAIL     AVAIL     x         x         
W-q6      x         x         x         x         AVAIL     AVAIL     x         x         
W-q14     AVAIL     x         x         x         AVAIL     AVAIL     x         x         
Re-q7     x         x         x         x         AVAIL     AVAIL     x         x         
Re-q15    x         x         x         x         AVAIL     AVAIL     x         x         
Os-q8     x         x         x         x         AVAIL     AVAIL     x         x         
Os-q16    x         x         x         x         AVAIL     AVAIL     x         x         
Ir-q9     x         x         x         x         AVAIL     AVAIL     x         x         
Ir-q17    x         x         x         x         AVAIL     AVAIL     x         x         
Pt-q10    x         x         x         x         AVAIL     AVAIL     x         x         
Pt-q18    x         x         x         x         AVAIL     AVAIL     x         x         
Au-q1     x         x         x         x         AVAIL     x         x         x         
Au-q11    AVAIL     AVAIL     x         x         AVAIL     AVAIL     x         x         
Au-q19    AVAIL     x         x         x         AVAIL     AVAIL     x         x         
Hg-q2     x         x         x         x         AVAIL     x         x         x         
Hg-q12    x         x         x         x         AVAIL     AVAIL     x         x         
Tl-q3     x         x         x         x         AVAIL     AVAIL     x         x         
Tl-q13    x         x         x         x         AVAIL     AVAIL     x         x         
Pb-q4     x         x         x         x         AVAIL     AVAIL     x         x         
Pb-q14    x         x         x         x         x         AVAIL     x         x         
Bi-q5     AVAIL     x         x         x         AVAIL     AVAIL     x         x         
Bi-q15    AVAIL     x         x         x         x         AVAIL     x         x         
Po-q6     x         x         x         x         AVAIL     AVAIL     x         x         
At-q7     x         x         x         x         AVAIL     AVAIL     x         x         
Rn-q8     x         x         x         x         AVAIL     AVAIL     x         x         
Fr-NONE   x         x         x         x         x         x         x         x         
Ra-NONE   x         x         x         x         x         x         x         x         
Ac-NONE   x         x         x         x         x         x         x         x         
Th-NONE   x         x         x         x         x         x         x         x         
Pa-NONE   x         x         x         x         x         x         x         x         
U-NONE    x         x         x         x         x         x         x         x         
Np-NONE   x         x         x         x         x         x         x         x         
Pu-NONE   x         x         x         x         x         x         x         x         
Am-NONE   x         x         x         x         x         x         x         x         
Cm-NONE   x         x         x         x         x         x         x         x         
Bk-NONE   x         x         x         x         x         x         x         x         
Cf-NONE   x         x         x         x         x         x         x         x         
Es-NONE   x         x         x         x         x         x         x         x         
Fm-NONE   x         x         x         x         x         x         x         x         
Md-NONE   x         x         x         x         x         x         x         x         
No-NONE   x         x         x         x         x         x         x         x         
Lr-NONE   x         x         x         x         x         x         x         x         
Rf-NONE   x         x         x         x         x         x         x         x         
Db-NONE   x         x         x         x         x         x         x         x         
Sg-NONE   x         x         x         x         x         x         x         x         
Bh-NONE   x         x         x         x         x         x         x         x         
Hs-NONE   x         x         x         x         x         x         x         x         
Mt-NONE   x         x         x         x         x         x         x         x         
Ds-NONE   x         x         x         x         x         x         x         x         
Rg-NONE   x         x         x         x         x         x         x         x         
Cn-NONE   x         x         x         x         x         x         x         x         
Nh-NONE   x         x         x         x         x         x         x         x         
Fl-NONE   x         x         x         x         x         x         x         x         
Mc-NONE   x         x         x         x         x         x         x         x         
Lv-NONE   x         x         x         x         x         x         x         x         
Ts-NONE   x         x         x         x         x         x         x         x         
Og-NONE   x         x         x         x         x         x         x         x         
