AN      AT      Q       FILE    COEFF   PSEUDO-PBE  	
					
1	H	1	ORG	10.1	AVAIL
2	He	2	ORG	11	AVAIL
3	Li	3	ORG	7.1	AVAIL
4	Be	4	ORG	14.9	AVAIL
5	B	3	ORG	3.1	AVAIL
6	C	4	ORG	5.6	AVAIL
7	N	5	ORG	7.3	AVAIL
8	O	6	ORG	10.4	AVAIL
9	F	7	ORG	13.7	AVAIL
10	Ne	8	ORG	19.1	AVAIL  *CUTOFF=764
11	Na	9	ORG	23.5	AVAIL  *CUTOFF=940
12	Mg	2	UCL	1.5	AVAIL
13	Al	3	ORG	1.2	AVAIL
14	Si	4	ORG	1.3	AVAIL
15	P	5	ORG	1.6	AVAIL
16	S	6	ORG	2.2	AVAIL
17	Cl	7	ORG	2.4	AVAIL
18	Ar	8	ORG	3.9	AVAIL
19	K	9	ORG	2.9	AVAIL
20	Ca	10	ORG	5.3	AVAIL
21	Sc	11	ORG	7.6	AVAIL
22	Ti	12	ORG	7.9	AVAIL
23	V	13	ORG	8	AVAIL
24	Cr	14	ORG	8.5	AVAIL
25	Mn	15	ORG	8.5	AVAIL
26	Fe	16	ORG	8.4	AVAIL
27	Co	17	ORG	8.4	AVAIL
28	Ni	18	ORG	10.1	AVAIL
29	Cu	11	ORG	5.8	AVAIL
30	Zn	12	ORG	6.4	AVAIL
31	Ga	13	ORG	7.1	AVAIL
32	Ge	4	ORG	3.8	AVAIL
33	As	5	ORG	1.1	AVAIL
34	Se	6	ORG	1.5	AVAIL
35	Br	7	ORG	1.7	AVAIL
36	Kr	8	ORG	1.8	AVAIL
37	Rb	9	ORG	7.1	AVAIL
38	Sr	10	ORG	7.3	AVAIL
39	Y	11	ORG	7.2	AVAIL
40	Zr	12	ORG	7.6	AVAIL
41	Nb	13	ORG	3.4	AVAIL
42	Mo	14	ORG	2.5	AVAIL
43	Tc	15	ORG	3.2	AVAIL
44	Ru	16	ORG	2.8	AVAIL
45	Rh	9	ORG	3.9	AVAIL
46	Pd	18	ORG	3.4	AVAIL
47	Ag	11	ORG	2.6	AVAIL
48	Cd	12	ORG	2.6	AVAIL
49	In	13	ORG	3.1	AVAIL
50	Sn	4	ORG	0.7	AVAIL
51	Sb	5	ORG	0.8	AVAIL
52	Te	6	ORG	0.9	AVAIL
53	I	7	ORG	1	AVAIL
54	Xe	8	ORG	1.1	AVAIL
55	Cs	9	ORG	1	AVAIL
56	Ba	10	ORG	1.1	AVAIL
57	La	11	UCL	2.6	AVAIL
58	Ce	12	UCL	4.3	AVAIL
59	Pr	13	UCL	4.5	AVAIL
60	Nd	14	UCL	4.7	AVAIL
61	Pm	15	UCL	4.9	AVAIL
62	Sm	16	UCL	5.2	AVAIL
63	Eu	17	UCL	5.4	AVAIL
64	Gd	18	UCL	5.5	AVAIL
65	Tb	19	UCL	5.8	AVAIL
66	Dy	20	UCL	6.2	AVAIL
67	Ho	21	UCL	6.5	AVAIL
68	Er	22	UCL	6.9	AVAIL
69	Tm	23	UCL	7.2	AVAIL
70	Yb	24	UCL	7.6	AVAIL
71	Lu	25	UCL	7.8	AVAIL
72	Hf	12	ORG	2.7	AVAIL
73	Ta	13	ORG	2.9	AVAIL
74	W	14	ORG	3.1	AVAIL
75	Re	15	ORG	3.2	AVAIL
76	Os	16	ORG	3.3	AVAIL
77	Ir	17	ORG	3.4	AVAIL
78	Pt	18	ORG	3.6	AVAIL
79	Au	11	ORG	3	AVAIL
80	Hg	12	ORG	3	AVAIL
81	Tl	13	ORG	3.4	AVAIL
82	Pb	4	ORG	1.9	AVAIL
83	Bi	5	ORG	1.7	AVAIL
84	Po	6	ORG	1.8	AVAIL
85	At	7	ORG	1.8	AVAIL
86	Rn	8	ORG	2	AVAIL
87	Fr	NONE			
88	Ra	NONE			
89	Ac	NONE			
90	Th	NONE			
91	Pa	NONE			
92	U	NONE			
93	Np	NONE			
94	Pu	NONE			
95	Am	NONE			
96	Cm	NONE			
97	Bk	NONE			
98	Cf	NONE			
99	Es	NONE			
100	Fm	NONE			
101	Md	NONE			
102	No	NONE			
103	Lr	NONE			
104	Rf	NONE			
105	Db	NONE			
106	Sg	NONE			
107	Bh	NONE			
108	Hs	NONE			
109	Mt	NONE			
110	Ds	NONE			
111	Rg	NONE			
112	Cn	NONE			
113	Uut	NONE			
114	Fl	NONE			
115	Uup	NONE			
116	Lv	NONE			
117	Uus	NONE			
118	Uuo	NONE			

